<?xml version="1.0" encoding="UTF-8"?>
<!-- Generated by org.testng.reporters.JUnitXMLReporter -->
<testsuite ignored="4" hostname="DESKTOP-ABGDD58" failures="2" tests="7" name="Test" time="10.811" errors="0" timestamp="2024-10-18T11:26:34 IST">
  <testcase classname="script.Demo1" name="testA" time="0.028"/>
  <testcase classname="script.Demo2" name="testB" time="0.012"/>
  <testcase classname="script.Demo3" name="testC" time="0.02">
    <failure type="java.lang.AssertionError" message="null">
      <![CDATA[java.lang.AssertionError: null
at script.Demo3.testC(Demo3.java:16)
at java.base/java.util.ArrayList.forEach(ArrayList.java:1597)
... Removed 27 stack frames]]>
    </failure>
  </testcase> <!-- testC -->
  <testcase classname="script.DemoX" name="createUser" time="0.002"/>
  <testcase classname="script.DemoX" name="deleteUser" time="0.002"/>
  <testcase classname="script.DemoY" name="createUser" time="0.001"/>
  <testcase classname="script.DemoY" name="deleteUser" time="0.0">
    <failure type="java.lang.AssertionError" message="null">
      <![CDATA[java.lang.AssertionError: null
at script.DemoY.deleteUser(DemoY.java:30)
at java.base/java.util.ArrayList.forEach(ArrayList.java:1597)
... Removed 27 stack frames]]>
    </failure>
  </testcase> <!-- deleteUser -->
  <testcase classname="generic.BaseTest" name="@AfterSuite generateReport" time="0.0">
    <ignored/>
  </testcase> <!-- @AfterSuite generateReport -->
  <testcase classname="generic.BaseTest" name="@AfterSuite generateReport" time="0.0">
    <ignored/>
  </testcase> <!-- @AfterSuite generateReport -->
  <testcase classname="generic.BaseTest" name="@BeforeSuite initReport" time="0.0">
    <ignored/>
  </testcase> <!-- @BeforeSuite initReport -->
  <testcase classname="generic.BaseTest" name="@BeforeSuite initReport" time="0.0">
    <ignored/>
  </testcase> <!-- @BeforeSuite initReport -->
</testsuite> <!-- Test -->
